<?xml version="1.0" encoding="UTF-8"?>
<testng-results skipped="0" failed="0" total="1" passed="1">
  <reporter-output>
    <line>
      <![CDATA[<div "featureFile">Feature File: Example_Json.feature</div>]]>
    </line>
    <line>
      <![CDATA[<div "feature">Feature: NetEnt - interview Nicolas Mori</div>]]>
    </line>
    <line>
      <![CDATA[<div "scenarioOutline">Scenario Outline: Make a differents types of actions with Json.</div>]]>
    </line>
    <line>
      <![CDATA[<div "scenario">Scenario Outline: Make a differents types of actions with Json.</div>]]>
    </line>
    <line>
      <![CDATA[<div "result">Given  the url &quot;&lt;url&gt;&quot; and the database &quot;&lt;db&gt;&quot; (passed : 0s)</div>]]>
    </line>
    <line>
      <![CDATA[<div "result">And  I make the action &quot;&lt;function&gt;&quot; using this id &quot;&lt;id&gt;&quot;, this userId &quot;&lt;userId&gt;&quot;, and this title &quot;&lt;title&gt;&quot; (passed : 0s)</div>]]>
    </line>
    <line>
      <![CDATA[<div "scenario">Scenario Outline: Make a differents types of actions with Json.</div>]]>
    </line>
    <line>
      <![CDATA[<div "result">Given  the url &quot;http:&#x2F;&#x2F;localhost:3000&#x2F;&quot; and the database &quot;post&quot; (passed : 0s)</div>]]>
    </line>
    <line>
      <![CDATA[<div "result">And  I make the action &quot;get a list&quot; using this id &quot;&quot;, this userId &quot;&quot;, and this title &quot;&quot; (passed : 0s)</div>]]>
    </line>
    <line>
      <![CDATA[<div "scenario">Scenario Outline: Make a differents types of actions with Json.</div>]]>
    </line>
    <line>
      <![CDATA[<div "result">Given  the url &quot;http:&#x2F;&#x2F;localhost:3000&#x2F;&quot; and the database &quot;post&quot; (passed : 0s)</div>]]>
    </line>
    <line>
      <![CDATA[<div "result">And  I make the action &quot;get a register&quot; using this id &quot;13&quot;, this userId &quot;25&quot;, and this title &quot;Automation Title&quot; (passed : 0s)</div>]]>
    </line>
    <line>
      <![CDATA[<div "scenario">Scenario Outline: Make a differents types of actions with Json.</div>]]>
    </line>
    <line>
      <![CDATA[<div "result">Given  the url &quot;http:&#x2F;&#x2F;localhost:3000&#x2F;&quot; and the database &quot;post&quot; (passed : 0s)</div>]]>
    </line>
    <line>
      <![CDATA[<div "result">And  I make the action &quot;update a register&quot; using this id &quot;7&quot;, this userId &quot;23&quot;, and this title &quot;Automation Title&quot; (passed : 0s)</div>]]>
    </line>
    <line>
      <![CDATA[<div "scenario">Scenario Outline: Make a differents types of actions with Json.</div>]]>
    </line>
    <line>
      <![CDATA[<div "result">Given  the url &quot;http:&#x2F;&#x2F;localhost:3000&#x2F;&quot; and the database &quot;post&quot; (passed : 0s)</div>]]>
    </line>
    <line>
      <![CDATA[<div "result">And  I make the action &quot;insert a register&quot; using this id &quot;112&quot;, this userId &quot;62&quot;, and this title &quot;Automation Title&quot; (passed : 0s)</div>]]>
    </line>
  </reporter-output>
  <suite name="Test runner" duration-ms="1076" started-at="2016-08-03T03:33:00Z" finished-at="2016-08-03T03:33:01Z">
    <groups>
      <group name="cucumber">
        <method signature="AbstractTestNGCucumberTests.run_cukes()[pri:0, instance:com.demoJson.AppTest@39fb3ab6]" name="run_cukes" class="cucumber.api.testng.AbstractTestNGCucumberTests"/>
      </group> <!-- cucumber -->
    </groups>
    <test name="test" duration-ms="1076" started-at="2016-08-03T03:33:00Z" finished-at="2016-08-03T03:33:01Z">
      <class name="com.demoJson.AppTest">
        <test-method status="PASS" signature="run_cukes()[pri:0, instance:com.demoJson.AppTest@39fb3ab6]" name="run_cukes" duration-ms="1063" started-at="2016-08-03T00:33:00Z" description="Runs Cucumber Features" finished-at="2016-08-03T00:33:01Z">
          <reporter-output>
            <line>
              <![CDATA[<div "featureFile">Feature File: Example_Json.feature</div>]]>
            </line>
            <line>
              <![CDATA[<div "feature">Feature: NetEnt - interview Nicolas Mori</div>]]>
            </line>
            <line>
              <![CDATA[<div "scenarioOutline">Scenario Outline: Make a differents types of actions with Json.</div>]]>
            </line>
            <line>
              <![CDATA[<div "scenario">Scenario Outline: Make a differents types of actions with Json.</div>]]>
            </line>
            <line>
              <![CDATA[<div "result">Given  the url &quot;&lt;url&gt;&quot; and the database &quot;&lt;db&gt;&quot; (passed : 0s)</div>]]>
            </line>
            <line>
              <![CDATA[<div "result">And  I make the action &quot;&lt;function&gt;&quot; using this id &quot;&lt;id&gt;&quot;, this userId &quot;&lt;userId&gt;&quot;, and this title &quot;&lt;title&gt;&quot; (passed : 0s)</div>]]>
            </line>
            <line>
              <![CDATA[<div "scenario">Scenario Outline: Make a differents types of actions with Json.</div>]]>
            </line>
            <line>
              <![CDATA[<div "result">Given  the url &quot;http:&#x2F;&#x2F;localhost:3000&#x2F;&quot; and the database &quot;post&quot; (passed : 0s)</div>]]>
            </line>
            <line>
              <![CDATA[<div "result">And  I make the action &quot;get a list&quot; using this id &quot;&quot;, this userId &quot;&quot;, and this title &quot;&quot; (passed : 0s)</div>]]>
            </line>
            <line>
              <![CDATA[<div "scenario">Scenario Outline: Make a differents types of actions with Json.</div>]]>
            </line>
            <line>
              <![CDATA[<div "result">Given  the url &quot;http:&#x2F;&#x2F;localhost:3000&#x2F;&quot; and the database &quot;post&quot; (passed : 0s)</div>]]>
            </line>
            <line>
              <![CDATA[<div "result">And  I make the action &quot;get a register&quot; using this id &quot;13&quot;, this userId &quot;25&quot;, and this title &quot;Automation Title&quot; (passed : 0s)</div>]]>
            </line>
            <line>
              <![CDATA[<div "scenario">Scenario Outline: Make a differents types of actions with Json.</div>]]>
            </line>
            <line>
              <![CDATA[<div "result">Given  the url &quot;http:&#x2F;&#x2F;localhost:3000&#x2F;&quot; and the database &quot;post&quot; (passed : 0s)</div>]]>
            </line>
            <line>
              <![CDATA[<div "result">And  I make the action &quot;update a register&quot; using this id &quot;7&quot;, this userId &quot;23&quot;, and this title &quot;Automation Title&quot; (passed : 0s)</div>]]>
            </line>
            <line>
              <![CDATA[<div "scenario">Scenario Outline: Make a differents types of actions with Json.</div>]]>
            </line>
            <line>
              <![CDATA[<div "result">Given  the url &quot;http:&#x2F;&#x2F;localhost:3000&#x2F;&quot; and the database &quot;post&quot; (passed : 0s)</div>]]>
            </line>
            <line>
              <![CDATA[<div "result">And  I make the action &quot;insert a register&quot; using this id &quot;112&quot;, this userId &quot;62&quot;, and this title &quot;Automation Title&quot; (passed : 0s)</div>]]>
            </line>
          </reporter-output>
        </test-method> <!-- run_cukes -->
      </class> <!-- com.demoJson.AppTest -->
    </test> <!-- test -->
  </suite> <!-- Test runner -->
</testng-results>
